This is pdfTeX, Version 3.141592653-2.6-1.40.26 (TeX Live 2024/Homebrew) (preloaded format=pdflatex 2025.1.26)  19 MAY 2025 16:35
entering extended mode
 restricted \write18 enabled.
 %&-line parsing enabled.
**/Users/mdatiqurrahman/js-site/latex-editor/projects/new/document.tex
(/Users/mdatiqurrahman/js-site/latex-editor/projects/new/document.tex
LaTeX2e <2023-11-01> patch level 1
L3 programming layer <2024-02-20>

(/opt/homebrew/Cellar/texlive/20240312_3/share/texmf-dist/tex/latex/base/articl
e.cls
Document Class: article 2023/05/17 v1.4n Standard LaTeX document class

(/opt/homebrew/Cellar/texlive/20240312_3/share/texmf-dist/tex/latex/base/size10
.clo
File: size10.clo 2023/05/17 v1.4n Standard LaTeX file (size option)
)
\c@part=\count188
\c@section=\count189
\c@subsection=\count190
\c@subsubsection=\count191
\c@paragraph=\count192
\c@subparagraph=\count193
\c@figure=\count194
\c@table=\count195
\abovecaptionskip=\skip48
\belowcaptionskip=\skip49
\bibindent=\dimen140
)
(/opt/homebrew/Cellar/texlive/20240312_3/share/texmf-dist/tex/latex/amsmath/ams
math.sty
Package: amsmath 2023/05/13 v2.17o AMS math features
\@mathmargin=\skip50

For additional information on amsmath, use the `?' option.

(/opt/homebrew/Cellar/texlive/20240312_3/share/texmf-dist/tex/latex/amsmath/ams
text.sty
Package: amstext 2021/08/26 v2.01 AMS text

(/opt/homebrew/Cellar/texlive/20240312_3/share/texmf-dist/tex/latex/amsmath/ams
gen.sty
File: amsgen.sty 1999/11/30 v2.0 generic functions
\@emptytoks=\toks17
\ex@=\dimen141
))
(/opt/homebrew/Cellar/texlive/20240312_3/share/texmf-dist/tex/latex/amsmath/ams
bsy.sty
Package: amsbsy 1999/11/29 v1.2d Bold Symbols
\pmbraise@=\dimen142
)
(/opt/homebrew/Cellar/texlive/20240312_3/share/texmf-dist/tex/latex/amsmath/ams
opn.sty
Package: amsopn 2022/04/08 v2.04 operator names
)
\inf@bad=\count196
LaTeX Info: Redefining \frac on input line 234.
\uproot@=\count197
\leftroot@=\count198
LaTeX Info: Redefining \overline on input line 399.
LaTeX Info: Redefining \colon on input line 410.
\classnum@=\count199
\DOTSCASE@=\count266
LaTeX Info: Redefining \ldots on input line 496.
LaTeX Info: Redefining \dots on input line 499.
LaTeX Info: Redefining \cdots on input line 620.
\Mathstrutbox@=\box51
\strutbox@=\box52
LaTeX Info: Redefining \big on input line 722.
LaTeX Info: Redefining \Big on input line 723.
LaTeX Info: Redefining \bigg on input line 724.
LaTeX Info: Redefining \Bigg on input line 725.
\big@size=\dimen143
LaTeX Font Info:    Redeclaring font encoding OML on input line 743.
LaTeX Font Info:    Redeclaring font encoding OMS on input line 744.
\macc@depth=\count267
LaTeX Info: Redefining \bmod on input line 905.
LaTeX Info: Redefining \pmod on input line 910.
LaTeX Info: Redefining \smash on input line 940.
LaTeX Info: Redefining \relbar on input line 970.
LaTeX Info: Redefining \Relbar on input line 971.
\c@MaxMatrixCols=\count268
\dotsspace@=\muskip16
\c@parentequation=\count269
\dspbrk@lvl=\count270
\tag@help=\toks18
\row@=\count271
\column@=\count272
\maxfields@=\count273
\andhelp@=\toks19
\eqnshift@=\dimen144
\alignsep@=\dimen145
\tagshift@=\dimen146
\tagwidth@=\dimen147
\totwidth@=\dimen148
\lineht@=\dimen149
\@envbody=\toks20
\multlinegap=\skip51
\multlinetaggap=\skip52
\mathdisplay@stack=\toks21
LaTeX Info: Redefining \[ on input line 2953.
LaTeX Info: Redefining \] on input line 2954.
)
(/opt/homebrew/Cellar/texlive/20240312_3/share/texmf-dist/tex/latex/graphics/gr
aphicx.sty
Package: graphicx 2021/09/16 v1.2d Enhanced LaTeX Graphics (DPC,SPQR)

(/opt/homebrew/Cellar/texlive/20240312_3/share/texmf-dist/tex/latex/graphics/ke
yval.sty
Package: keyval 2022/05/29 v1.15 key=value parser (DPC)
\KV@toks@=\toks22
)
(/opt/homebrew/Cellar/texlive/20240312_3/share/texmf-dist/tex/latex/graphics/gr
aphics.sty
Package: graphics 2022/03/10 v1.4e Standard LaTeX Graphics (DPC,SPQR)

(/opt/homebrew/Cellar/texlive/20240312_3/share/texmf-dist/tex/latex/graphics/tr
ig.sty
Package: trig 2021/08/11 v1.11 sin cos tan (DPC)
)
(/opt/homebrew/Cellar/texlive/20240312_3/share/texmf-dist/tex/latex/graphics-cf
g/graphics.cfg
File: graphics.cfg 2016/06/04 v1.11 sample graphics configuration
)
Package graphics Info: Driver file: pdftex.def on input line 107.

(/opt/homebrew/Cellar/texlive/20240312_3/share/texmf-dist/tex/latex/graphics-de
f/pdftex.def
File: pdftex.def 2022/09/22 v1.2b Graphics/color driver for pdftex
))
\Gin@req@height=\dimen150
\Gin@req@width=\dimen151
)
(/opt/homebrew/Cellar/texlive/20240312_3/share/texmf-dist/tex/latex/l3backend/l
3backend-pdftex.def
File: l3backend-pdftex.def 2024-02-20 L3 backend support: PDF output (pdfTeX)
\l__color_backend_stack_int=\count274
\l__pdf_internal_box=\box53
)
(/Users/mdatiqurrahman/js-site/latex-editor/projects/new/document.aux)
\openout1 = `document.aux'.

LaTeX Font Info:    Checking defaults for OML/cmm/m/it on input line 5.
LaTeX Font Info:    ... okay on input line 5.
LaTeX Font Info:    Checking defaults for OMS/cmsy/m/n on input line 5.
LaTeX Font Info:    ... okay on input line 5.
LaTeX Font Info:    Checking defaults for OT1/cmr/m/n on input line 5.
LaTeX Font Info:    ... okay on input line 5.
LaTeX Font Info:    Checking defaults for T1/cmr/m/n on input line 5.
LaTeX Font Info:    ... okay on input line 5.
LaTeX Font Info:    Checking defaults for TS1/cmr/m/n on input line 5.
LaTeX Font Info:    ... okay on input line 5.
LaTeX Font Info:    Checking defaults for OMX/cmex/m/n on input line 5.
LaTeX Font Info:    ... okay on input line 5.
LaTeX Font Info:    Checking defaults for U/cmr/m/n on input line 5.
LaTeX Font Info:    ... okay on input line 5.

(/opt/homebrew/Cellar/texlive/20240312_3/share/texmf-dist/tex/context/base/mkii
/supp-pdf.mkii
[Loading MPS to PDF converter (version 2006.09.02).]
\scratchcounter=\count275
\scratchdimen=\dimen152
\scratchbox=\box54
\nofMPsegments=\count276
\nofMParguments=\count277
\everyMPshowfont=\toks23
\MPscratchCnt=\count278
\MPscratchDim=\dimen153
\MPnumerator=\count279
\makeMPintoPDFobject=\count280
\everyMPtoPDFconversion=\toks24
)
(/opt/homebrew/Cellar/texlive/20240312_3/share/texmf-dist/tex/latex/epstopdf-pk
g/epstopdf-base.sty
Package: epstopdf-base 2020-01-24 v2.11 Base part for package epstopdf
Package epstopdf-base Info: Redefining graphics rule for `.eps' on input line 4
85.

(/opt/homebrew/Cellar/texlive/20240312_3/share/texmf-dist/tex/latex/latexconfig
/epstopdf-sys.cfg
File: epstopdf-sys.cfg 2010/07/13 v1.3 Configuration of (r)epstopdf for TeX Liv
e
))

LaTeX Warning: No \author given.

<OS_HD_rn_noise84-2.pdf, id=1, 867.24pt x 505.89pt>
File: OS_HD_rn_noise84-2.pdf Graphic file (type pdf)
<use OS_HD_rn_noise84-2.pdf>
Package pdftex.def Info: OS_HD_rn_noise84-2.pdf  used on input line 12.
(pdftex.def)             Requested size: 341.43787pt x 199.17207pt.
[1

{/opt/homebrew/Cellar/texlive/20240312_3/share/texmf-dist/fonts/map/pdftex/updm
ap/pdftex.map} </Users/mdatiqurrahman/js-site/latex-editor/projects/new/OS_HD_r
n_noise84-2.pdf>]
(/Users/mdatiqurrahman/js-site/latex-editor/projects/new/document.aux)
 ***********
LaTeX2e <2023-11-01> patch level 1
L3 programming layer <2024-02-20>
 ***********
 ) 
Here is how much of TeX's memory you used:
 2003 strings out of 474116
 31854 string characters out of 5732613
 1927187 words of memory out of 5000000
 24384 multiletter control sequences out of 15000+600000
 562232 words of font info for 51 fonts, out of 8000000 for 9000
 1141 hyphenation exceptions out of 8191
 57i,6n,65p,281b,202s stack positions out of 10000i,1000n,20000p,200000b,200000s
</opt/homebrew/Cellar/texlive/20240312_3/share/texmf-dist/fonts/type1/public/
amsfonts/cm/cmmi10.pfb></opt/homebrew/Cellar/texlive/20240312_3/share/texmf-dis
t/fonts/type1/public/amsfonts/cm/cmmi7.pfb></opt/homebrew/Cellar/texlive/202403
12_3/share/texmf-dist/fonts/type1/public/amsfonts/cm/cmr10.pfb></opt/homebrew/C
ellar/texlive/20240312_3/share/texmf-dist/fonts/type1/public/amsfonts/cm/cmr12.
pfb></opt/homebrew/Cellar/texlive/20240312_3/share/texmf-dist/fonts/type1/publi
c/amsfonts/cm/cmr17.pfb>
Output written on /Users/mdatiqurrahman/js-site/latex-editor/projects/new/docum
ent.pdf (1 page, 74354 bytes).
PDF statistics:
 102 PDF objects out of 1000 (max. 8388607)
 28 compressed objects within 1 object stream
 0 named destinations out of 1000 (max. 500000)
 6 words of extra memory for PDF output out of 10000 (max. 10000000)

